hezhi/build/outputs/logs/manifest-merger-debug-report.txt
-- Merging decision tree log ---
manifest
ADDED from workspace1\HEZHI\AndroidManifest.xml:2:1-662:12
INJECTED from workspace1\HEZHI\AndroidManifest.xml:2:1-662:12
INJECTED from workspace1\HEZHI\AndroidManifest.xml:2:1-662:12
MERGED from [:main] AndroidManifest.xml:2:1-5:12
INJECTED from workspace1\HEZHI\AndroidManifest.xml:2:1-662:12
INJECTED from workspace1\HEZHI\AndroidManifest.xml:2:1-662:12
	package
		ADDED from workspace1\HEZHI\AndroidManifest.xml:2:11-37
	android:versionName
		ADDED from workspace1\HEZHI\AndroidManifest.xml:5:11-38
		INJECTED from workspace1\HEZHI\AndroidManifest.xml
		INJECTED from workspace1\HEZHI\AndroidManifest.xml
	xmlns:android
		ADDED from workspace1\HEZHI\AndroidManifest.xml:3:11-69
	android:versionCode
		ADDED from workspace1\HEZHI\AndroidManifest.xml:4:11-35
		INJECTED from workspace1\HEZHI\AndroidManifest.xml
		INJECTED from workspace1\HEZHI\AndroidManifest.xml
uses-sdk
ADDED from workspace1\HEZHI\AndroidManifest.xml:7:5-9:40
	android:targetSdkVersion
		ADDED from workspace1\HEZHI\AndroidManifest.xml:9:9-38
	android:minSdkVersion
		ADDED from workspace1\HEZHI\AndroidManifest.xml:8:9-35
uses-permission#android.permission.DISABLE_KEYGUARD
ADDED from workspace1\HEZHI\AndroidManifest.xml:11:5-74
	android:name
		ADDED from workspace1\HEZHI\AndroidManifest.xml:11:22-72
uses-permission#android.permission.INTERNET
ADDED from workspace1\HEZHI\AndroidManifest.xml:12:5-66
	android:name
		ADDED from workspace1\HEZHI\AndroidManifest.xml:12:22-64
uses-permission#android.permission.NFC
ADDED from workspace1\HEZHI\AndroidManifest.xml:13:5-61
	android:name
		ADDED from workspace1\HEZHI\AndroidManifest.xml:13:22-59
uses-permission#android.permission.CALL_PHONE
ADDED from workspace1\HEZHI\AndroidManifest.xml:14:5-68
	android:name
		ADDED from workspace1\HEZHI\AndroidManifest.xml:14:22-66
uses-feature#android.hardware.sensor.accelerometer
ADDED from workspace1\HEZHI\AndroidManifest.xml:16:5-73
	android:name
		ADDED from workspace1\HEZHI\AndroidManifest.xml:16:19-71
uses-permission#android.permission.RECEIVE_BOOT_COMPLETED
ADDED from workspace1\HEZHI\AndroidManifest.xml:18:5-80
	android:name
		ADDED from workspace1\HEZHI\AndroidManifest.xml:18:22-78
uses-permission#android.permission.WRITE_EXTERNAL_STORAGE
ADDED from workspace1\HEZHI\AndroidManifest.xml:19:5-80
	android:name
		ADDED from workspace1\HEZHI\AndroidManifest.xml:19:22-78
uses-permission#android.permission.READ_EXTERNAL_STORAGE
ADDED from workspace1\HEZHI\AndroidManifest.xml:20:5-79
	android:name
		ADDED from workspace1\HEZHI\AndroidManifest.xml:20:22-77
uses-permission#android.permission.ACCESS_COARSE_LOCATION
ADDED from workspace1\HEZHI\AndroidManifest.xml:26:5-80
	android:name
		ADDED from workspace1\HEZHI\AndroidManifest.xml:26:22-78
uses-permission#android.permission.ACCESS_FINE_LOCATION
ADDED from workspace1\HEZHI\AndroidManifest.xml:28:5-78
	android:name
		ADDED from workspace1\HEZHI\AndroidManifest.xml:28:22-76
uses-permission#android.permission.ACCESS_WIFI_STATE
ADDED from workspace1\HEZHI\AndroidManifest.xml:30:5-75
	android:name
		ADDED from workspace1\HEZHI\AndroidManifest.xml:30:22-73
uses-permission#android.permission.ACCESS_NETWORK_STATE
ADDED from workspace1\HEZHI\AndroidManifest.xml:32:5-78
	android:name
		ADDED from workspace1\HEZHI\AndroidManifest.xml:32:22-76
uses-permission#android.permission.CHANGE_WIFI_STATE
ADDED from workspace1\HEZHI\AndroidManifest.xml:34:5-75
	android:name
		ADDED from workspace1\HEZHI\AndroidManifest.xml:34:22-73
uses-permission#android.permission.BLUETOOTH
ADDED from workspace1\HEZHI\AndroidManifest.xml:36:5-67
	android:name
		ADDED from workspace1\HEZHI\AndroidManifest.xml:36:22-65
uses-permission#android.permission.BLUETOOTH_ADMIN
ADDED from workspace1\HEZHI\AndroidManifest.xml:38:5-73
	android:name
		ADDED from workspace1\HEZHI\AndroidManifest.xml:38:22-71
uses-permission#android.permission.READ_PHONE_STATE
ADDED from workspace1\HEZHI\AndroidManifest.xml:40:5-74
	android:name
		ADDED from workspace1\HEZHI\AndroidManifest.xml:40:22-72
uses-permission#android.permission.MOUNT_UNMOUNT_FILESYSTEMS
ADDED from workspace1\HEZHI\AndroidManifest.xml:46:5-83
	android:name
		ADDED from workspace1\HEZHI\AndroidManifest.xml:46:22-81
uses-permission#android.permission.READ_LOGS
ADDED from workspace1\HEZHI\AndroidManifest.xml:48:5-67
	android:name
		ADDED from workspace1\HEZHI\AndroidManifest.xml:48:22-65
uses-permission#android.permission.VIBRATE
ADDED from workspace1\HEZHI\AndroidManifest.xml:50:5-65
	android:name
		ADDED from workspace1\HEZHI\AndroidManifest.xml:50:22-63
uses-permission#android.permission.WAKE_LOCK
ADDED from workspace1\HEZHI\AndroidManifest.xml:52:5-67
	android:name
		ADDED from workspace1\HEZHI\AndroidManifest.xml:52:22-65
uses-permission#android.permission.WRITE_SETTINGS
ADDED from workspace1\HEZHI\AndroidManifest.xml:54:5-72
	android:name
		ADDED from workspace1\HEZHI\AndroidManifest.xml:54:22-70
permission#com.wukong.hezhi.permission.JPUSH_MESSAGE
ADDED from workspace1\HEZHI\AndroidManifest.xml:59:5-61:46
	android:protectionLevel
		ADDED from workspace1\HEZHI\AndroidManifest.xml:61:9-44
	android:name
		ADDED from workspace1\HEZHI\AndroidManifest.xml:60:9-65
uses-permission#com.wukong.hezhi.permission.JPUSH_MESSAGE
ADDED from workspace1\HEZHI\AndroidManifest.xml:64:5-80
	android:name
		ADDED from workspace1\HEZHI\AndroidManifest.xml:64:22-78
uses-permission#android.permission.RECEIVE_USER_PRESENT
ADDED from workspace1\HEZHI\AndroidManifest.xml:65:5-78
	android:name
		ADDED from workspace1\HEZHI\AndroidManifest.xml:65:22-76
uses-permission#android.permission.SYSTEM_ALERT_WINDOW
ADDED from workspace1\HEZHI\AndroidManifest.xml:78:5-77
	android:name
		ADDED from workspace1\HEZHI\AndroidManifest.xml:78:22-75
uses-permission#android.permission.ACCESS_LOCATION_EXTRA_COMMANDS
ADDED from workspace1\HEZHI\AndroidManifest.xml:82:5-88
	android:name
		ADDED from workspace1\HEZHI\AndroidManifest.xml:82:22-86
uses-permission#android.permission.CHANGE_NETWORK_STATE
ADDED from workspace1\HEZHI\AndroidManifest.xml:83:5-78
	android:name
		ADDED from workspace1\HEZHI\AndroidManifest.xml:83:22-76
uses-permission#android.permission.GET_TASKS
ADDED from workspace1\HEZHI\AndroidManifest.xml:84:5-67
	android:name
		ADDED from workspace1\HEZHI\AndroidManifest.xml:84:22-65
uses-feature#0x00020000
ADDED from workspace1\HEZHI\AndroidManifest.xml:88:5-53
	android:glEsVersion
		ADDED from workspace1\HEZHI\AndroidManifest.xml:88:19-51
uses-feature#android.hardware.camera.autofocus
ADDED from workspace1\HEZHI\AndroidManifest.xml:89:5-91:35
	android:required
		ADDED from workspace1\HEZHI\AndroidManifest.xml:91:9-33
	android:name
		ADDED from workspace1\HEZHI\AndroidManifest.xml:90:9-57
uses-feature#android.hardware.camera.front
ADDED from workspace1\HEZHI\AndroidManifest.xml:92:5-94:35
	android:required
		ADDED from workspace1\HEZHI\AndroidManifest.xml:94:9-33
	android:name
		ADDED from workspace1\HEZHI\AndroidManifest.xml:93:9-53
uses-feature#android.hardware.touchscreen
ADDED from workspace1\HEZHI\AndroidManifest.xml:95:5-97:35
	android:required
		ADDED from workspace1\HEZHI\AndroidManifest.xml:97:9-33
	android:name
		ADDED from workspace1\HEZHI\AndroidManifest.xml:96:9-52
uses-feature#android.hardware.touchscreen.multitouch
ADDED from workspace1\HEZHI\AndroidManifest.xml:98:5-100:35
	android:required
		ADDED from workspace1\HEZHI\AndroidManifest.xml:100:9-33
	android:name
		ADDED from workspace1\HEZHI\AndroidManifest.xml:99:9-63
uses-feature#android.hardware.touchscreen.multitouch.distinct
ADDED from workspace1\HEZHI\AndroidManifest.xml:101:5-103:35
	android:required
		ADDED from workspace1\HEZHI\AndroidManifest.xml:103:9-33
	android:name
		ADDED from workspace1\HEZHI\AndroidManifest.xml:102:9-72
supports-screens
ADDED from workspace1\HEZHI\AndroidManifest.xml:105:5-110:39
	android:largeScreens
		ADDED from workspace1\HEZHI\AndroidManifest.xml:107:9-36
	android:smallScreens
		ADDED from workspace1\HEZHI\AndroidManifest.xml:109:9-36
	android:normalScreens
		ADDED from workspace1\HEZHI\AndroidManifest.xml:108:9-37
	android:xlargeScreens
		ADDED from workspace1\HEZHI\AndroidManifest.xml:110:9-37
	android:anyDensity
		ADDED from workspace1\HEZHI\AndroidManifest.xml:106:9-34
uses-permission#android.permission.CAMERA
ADDED from workspace1\HEZHI\AndroidManifest.xml:113:5-64
	android:name
		ADDED from workspace1\HEZHI\AndroidManifest.xml:113:22-62
uses-feature#android.hardware.camera
ADDED from workspace1\HEZHI\AndroidManifest.xml:143:5-145:35
	android:required
		ADDED from workspace1\HEZHI\AndroidManifest.xml:145:9-33
	android:name
		ADDED from workspace1\HEZHI\AndroidManifest.xml:144:9-47
uses-permission#android.permission.RECORD_AUDIO
ADDED from workspace1\HEZHI\AndroidManifest.xml:150:5-70
	android:name
		ADDED from workspace1\HEZHI\AndroidManifest.xml:150:22-68
application
ADDED from workspace1\HEZHI\AndroidManifest.xml:153:5-660:19
	android:label
		ADDED from workspace1\HEZHI\AndroidManifest.xml:156:9-41
	android:icon
		ADDED from workspace1\HEZHI\AndroidManifest.xml:155:9-49
	android:theme
		ADDED from workspace1\HEZHI\AndroidManifest.xml:157:9-40
	android:name
		ADDED from workspace1\HEZHI\AndroidManifest.xml:154:9-68
activity#com.wukong.hezhi.ui.activity.SplashActivity
ADDED from workspace1\HEZHI\AndroidManifest.xml:158:9-175:20
	android:label
		ADDED from workspace1\HEZHI\AndroidManifest.xml:160:13-45
	android:theme
		ADDED from workspace1\HEZHI\AndroidManifest.xml:161:13-71
	android:name
		ADDED from workspace1\HEZHI\AndroidManifest.xml:159:13-71
intent-filter#android.intent.action.MAIN+android.intent.category.LAUNCHER
ADDED from workspace1\HEZHI\AndroidManifest.xml:162:13-166:29
action#android.intent.action.MAIN
ADDED from workspace1\HEZHI\AndroidManifest.xml:163:17-68
	android:name
		ADDED from workspace1\HEZHI\AndroidManifest.xml:163:25-66
category#android.intent.category.LAUNCHER
ADDED from workspace1\HEZHI\AndroidManifest.xml:165:17-76
	android:name
		ADDED from workspace1\HEZHI\AndroidManifest.xml:165:27-74
intent-filter#android.intent.action.VIEW+android.intent.category.BROWSABLE+android.intent.category.DEFAULT
ADDED from workspace1\HEZHI\AndroidManifest.xml:167:13-174:29
action#android.intent.action.VIEW
ADDED from workspace1\HEZHI\AndroidManifest.xml:168:17-68
	android:name
		ADDED from workspace1\HEZHI\AndroidManifest.xml:168:25-66
category#android.intent.category.BROWSABLE
ADDED from workspace1\HEZHI\AndroidManifest.xml:170:17-77
	android:name
		ADDED from workspace1\HEZHI\AndroidManifest.xml:170:27-75
category#android.intent.category.DEFAULT
ADDED from workspace1\HEZHI\AndroidManifest.xml:171:17-75
	android:name
		ADDED from workspace1\HEZHI\AndroidManifest.xml:171:27-73
data
ADDED from workspace1\HEZHI\AndroidManifest.xml:173:17-47
	android:scheme
		ADDED from workspace1\HEZHI\AndroidManifest.xml:173:23-45
activity#com.wukong.hezhi.ui.activity.MainActivity
ADDED from workspace1\HEZHI\AndroidManifest.xml:178:9-182:54
	android:launchMode
		ADDED from workspace1\HEZHI\AndroidManifest.xml:181:13-44
	android:configChanges
		ADDED from workspace1\HEZHI\AndroidManifest.xml:180:13-74
	android:theme
		ADDED from workspace1\HEZHI\AndroidManifest.xml:182:13-52
	android:name
		ADDED from workspace1\HEZHI\AndroidManifest.xml:179:13-69
activity#com.wukong.hezhi.ui.activity.UploadActivity
ADDED from workspace1\HEZHI\AndroidManifest.xml:184:9-186:56
	android:windowSoftInputMode
		ADDED from workspace1\HEZHI\AndroidManifest.xml:186:13-54
	android:name
		ADDED from workspace1\HEZHI\AndroidManifest.xml:185:13-71
activity#com.wukong.hezhi.ui.activity.VideoRecordActivity
ADDED from workspace1\HEZHI\AndroidManifest.xml:188:9-192:50
	android:launchMode
		ADDED from workspace1\HEZHI\AndroidManifest.xml:191:13-43
	android:configChanges
		ADDED from workspace1\HEZHI\AndroidManifest.xml:190:13-74
	android:theme
		ADDED from workspace1\HEZHI\AndroidManifest.xml:192:13-48
	android:name
		ADDED from workspace1\HEZHI\AndroidManifest.xml:189:13-76
activity#com.wukong.hezhi.ui.activity.VideoPreviewActivity
ADDED from workspace1\HEZHI\AndroidManifest.xml:194:9-196:62
	android:theme
		ADDED from workspace1\HEZHI\AndroidManifest.xml:196:13-60
	android:name
		ADDED from workspace1\HEZHI\AndroidManifest.xml:195:13-77
activity#com.wukong.hezhi.ui.activity.PicPreviewActivity
ADDED from workspace1\HEZHI\AndroidManifest.xml:198:9-83
	android:name
		ADDED from workspace1\HEZHI\AndroidManifest.xml:198:19-81
activity#com.wukong.hezhi.ui.activity.CustomPreviewActivity
ADDED from workspace1\HEZHI\AndroidManifest.xml:200:9-202:49
	android:hardwareAccelerated
		ADDED from workspace1\HEZHI\AndroidManifest.xml:202:13-47
	android:name
		ADDED from workspace1\HEZHI\AndroidManifest.xml:201:13-78
activity#com.wukong.hezhi.ui.activity.CustomVideoPreviewActivity
ADDED from workspace1\HEZHI\AndroidManifest.xml:204:9-206:49
	android:hardwareAccelerated
		ADDED from workspace1\HEZHI\AndroidManifest.xml:206:13-47
	android:name
		ADDED from workspace1\HEZHI\AndroidManifest.xml:205:13-83
activity#com.wukong.hezhi.ui.activity.TraceActivity
ADDED from workspace1\HEZHI\AndroidManifest.xml:208:9-78
	android:name
		ADDED from workspace1\HEZHI\AndroidManifest.xml:208:19-76
activity#com.wukong.hezhi.ui.activity.AboutUsActivity
ADDED from workspace1\HEZHI\AndroidManifest.xml:210:9-80
	android:name
		ADDED from workspace1\HEZHI\AndroidManifest.xml:210:19-78
activity#com.wukong.hezhi.ui.activity.DisResultActivity
ADDED from workspace1\HEZHI\AndroidManifest.xml:212:9-82
	android:name
		ADDED from workspace1\HEZHI\AndroidManifest.xml:212:19-80
activity#com.wukong.hezhi.ui.activity.DebugModelActivity
ADDED from workspace1\HEZHI\AndroidManifest.xml:214:9-83
	android:name
		ADDED from workspace1\HEZHI\AndroidManifest.xml:214:19-81
activity#com.wukong.hezhi.ui.activity.ComposeActivity
ADDED from workspace1\HEZHI\AndroidManifest.xml:216:9-219:15
	android:theme
		ADDED from workspace1\HEZHI\AndroidManifest.xml:218:13-48
	android:name
		ADDED from workspace1\HEZHI\AndroidManifest.xml:217:13-72
activity#com.wukong.hezhi.ui.activity.UnityVideoActivity
ADDED from workspace1\HEZHI\AndroidManifest.xml:221:9-224:15
	android:theme
		ADDED from workspace1\HEZHI\AndroidManifest.xml:223:13-60
	android:name
		ADDED from workspace1\HEZHI\AndroidManifest.xml:222:13-75
activity#com.wukong.hezhi.ui.activity.LoginActivity
ADDED from workspace1\HEZHI\AndroidManifest.xml:225:9-227:45
	android:launchMode
		ADDED from workspace1\HEZHI\AndroidManifest.xml:227:13-43
	android:name
		ADDED from workspace1\HEZHI\AndroidManifest.xml:226:13-70
activity#com.wukong.hezhi.ui.activity.PersonInfoActivity
ADDED from workspace1\HEZHI\AndroidManifest.xml:229:9-83
	android:name
		ADDED from workspace1\HEZHI\AndroidManifest.xml:229:19-81
activity#com.wukong.hezhi.ui.activity.SettingActivity
ADDED from workspace1\HEZHI\AndroidManifest.xml:231:9-80
	android:name
		ADDED from workspace1\HEZHI\AndroidManifest.xml:231:19-78
activity#com.wukong.hezhi.ui.activity.AboutActivity
ADDED from workspace1\HEZHI\AndroidManifest.xml:233:9-78
	android:name
		ADDED from workspace1\HEZHI\AndroidManifest.xml:233:19-76
activity#com.wukong.hezhi.ui.activity.FeedbackActivity
ADDED from workspace1\HEZHI\AndroidManifest.xml:235:9-81
	android:name
		ADDED from workspace1\HEZHI\AndroidManifest.xml:235:19-79
activity#com.wukong.hezhi.ui.activity.FunctionIntroduceActivity
ADDED from workspace1\HEZHI\AndroidManifest.xml:237:9-90
	android:name
		ADDED from workspace1\HEZHI\AndroidManifest.xml:237:19-88
activity#com.wukong.hezhi.ui.activity.AccountSafeActivity
ADDED from workspace1\HEZHI\AndroidManifest.xml:239:9-84
	android:name
		ADDED from workspace1\HEZHI\AndroidManifest.xml:239:19-82
activity#com.wukong.hezhi.ui.activity.BindPhoneActivity
ADDED from workspace1\HEZHI\AndroidManifest.xml:241:9-243:50
	android:theme
		ADDED from workspace1\HEZHI\AndroidManifest.xml:243:13-48
	android:name
		ADDED from workspace1\HEZHI\AndroidManifest.xml:242:13-74
activity#com.wukong.hezhi.ui.activity.BindSocialActivity
ADDED from workspace1\HEZHI\AndroidManifest.xml:245:9-83
	android:name
		ADDED from workspace1\HEZHI\AndroidManifest.xml:245:19-81
activity#com.wukong.hezhi.ui.activity.InviteFriendActivity
ADDED from workspace1\HEZHI\AndroidManifest.xml:247:9-85
	android:name
		ADDED from workspace1\HEZHI\AndroidManifest.xml:247:19-83
activity#com.wukong.hezhi.ui.activity.NicknameActivity
ADDED from workspace1\HEZHI\AndroidManifest.xml:249:9-81
	android:name
		ADDED from workspace1\HEZHI\AndroidManifest.xml:249:19-79
activity#com.wukong.hezhi.ui.activity.SettingAddressActivity
ADDED from workspace1\HEZHI\AndroidManifest.xml:251:9-87
	android:name
		ADDED from workspace1\HEZHI\AndroidManifest.xml:251:19-85
activity#com.wukong.hezhi.ui.activity.ExpressQueryActivity
ADDED from workspace1\HEZHI\AndroidManifest.xml:253:9-85
	android:name
		ADDED from workspace1\HEZHI\AndroidManifest.xml:253:19-83
activity#com.wukong.hezhi.ui.activity.WebViewActivity
ADDED from workspace1\HEZHI\AndroidManifest.xml:255:9-80
	android:name
		ADDED from workspace1\HEZHI\AndroidManifest.xml:255:19-78
activity#com.wukong.hezhi.ui.activity.RedBagActivity
ADDED from workspace1\HEZHI\AndroidManifest.xml:257:9-79
	android:name
		ADDED from workspace1\HEZHI\AndroidManifest.xml:257:19-77
activity#com.wukong.hezhi.ui.activity.MyWalletActivity
ADDED from workspace1\HEZHI\AndroidManifest.xml:259:9-81
	android:name
		ADDED from workspace1\HEZHI\AndroidManifest.xml:259:19-79
activity#com.wukong.hezhi.ui.activity.CashDetailActivity
ADDED from workspace1\HEZHI\AndroidManifest.xml:261:9-83
	android:name
		ADDED from workspace1\HEZHI\AndroidManifest.xml:261:19-81
activity#com.wukong.hezhi.ui.activity.GetCrashActivity
ADDED from workspace1\HEZHI\AndroidManifest.xml:263:9-81
	android:name
		ADDED from workspace1\HEZHI\AndroidManifest.xml:263:19-79
activity#com.wukong.hezhi.ui.activity.MsgCenterActivity
ADDED from workspace1\HEZHI\AndroidManifest.xml:265:9-82
	android:name
		ADDED from workspace1\HEZHI\AndroidManifest.xml:265:19-80
activity#com.wukong.hezhi.ui.activity.MsgDetaiActivity
ADDED from workspace1\HEZHI\AndroidManifest.xml:267:9-81
	android:name
		ADDED from workspace1\HEZHI\AndroidManifest.xml:267:19-79
activity#com.wukong.hezhi.ui.activity.GameCenterActivity
ADDED from workspace1\HEZHI\AndroidManifest.xml:269:9-83
	android:name
		ADDED from workspace1\HEZHI\AndroidManifest.xml:269:19-81
activity#com.wukong.hezhi.ui.activity.TipActivity
ADDED from workspace1\HEZHI\AndroidManifest.xml:271:9-76
	android:name
		ADDED from workspace1\HEZHI\AndroidManifest.xml:271:19-74
activity#com.wukong.hezhi.ui.activity.SearchCommodityActivity
ADDED from workspace1\HEZHI\AndroidManifest.xml:273:9-275:70
	android:windowSoftInputMode
		ADDED from workspace1\HEZHI\AndroidManifest.xml:275:13-68
	android:name
		ADDED from workspace1\HEZHI\AndroidManifest.xml:274:13-80
activity#com.wukong.hezhi.ui.activity.ContacUsActivity
ADDED from workspace1\HEZHI\AndroidManifest.xml:277:9-81
	android:name
		ADDED from workspace1\HEZHI\AndroidManifest.xml:277:19-79
activity#com.wukong.hezhi.ui.activity.ChangePhoneActivity2
ADDED from workspace1\HEZHI\AndroidManifest.xml:279:9-85
	android:name
		ADDED from workspace1\HEZHI\AndroidManifest.xml:279:19-83
activity#com.wukong.hezhi.ui.activity.MyCustomizationActivity
ADDED from workspace1\HEZHI\AndroidManifest.xml:281:9-88
	android:name
		ADDED from workspace1\HEZHI\AndroidManifest.xml:281:19-86
activity#com.wukong.hezhi.ui.activity.OrderCustActivity
ADDED from workspace1\HEZHI\AndroidManifest.xml:283:9-82
	android:name
		ADDED from workspace1\HEZHI\AndroidManifest.xml:283:19-80
activity#com.wukong.hezhi.ui.activity.OrderCustomActivity
ADDED from workspace1\HEZHI\AndroidManifest.xml:285:9-287:54
	android:theme
		ADDED from workspace1\HEZHI\AndroidManifest.xml:287:13-52
	android:name
		ADDED from workspace1\HEZHI\AndroidManifest.xml:286:13-76
activity#com.wukong.hezhi.ui.activity.OrderCustSearchActivity
ADDED from workspace1\HEZHI\AndroidManifest.xml:289:9-291:70
	android:windowSoftInputMode
		ADDED from workspace1\HEZHI\AndroidManifest.xml:291:13-68
	android:name
		ADDED from workspace1\HEZHI\AndroidManifest.xml:290:13-80
activity#com.wukong.hezhi.ui.activity.OrderCustDetailActivity
ADDED from workspace1\HEZHI\AndroidManifest.xml:293:9-88
	android:name
		ADDED from workspace1\HEZHI\AndroidManifest.xml:293:19-86
activity#com.wukong.hezhi.ui.activity.OrderCustCancelActivity
ADDED from workspace1\HEZHI\AndroidManifest.xml:295:9-88
	android:name
		ADDED from workspace1\HEZHI\AndroidManifest.xml:295:19-86
activity#com.wukong.hezhi.ui.activity.CommodityActivity
ADDED from workspace1\HEZHI\AndroidManifest.xml:297:9-82
	android:name
		ADDED from workspace1\HEZHI\AndroidManifest.xml:297:19-80
activity#com.wukong.hezhi.ui.activity.CustomizationActivity
ADDED from workspace1\HEZHI\AndroidManifest.xml:299:9-87
	android:name
		ADDED from workspace1\HEZHI\AndroidManifest.xml:299:19-84
activity#com.wukong.hezhi.ui.activity.CommodityDesignActivity
ADDED from workspace1\HEZHI\AndroidManifest.xml:301:9-304:50
	android:configChanges
		ADDED from workspace1\HEZHI\AndroidManifest.xml:303:13-74
	android:theme
		ADDED from workspace1\HEZHI\AndroidManifest.xml:304:13-48
	android:name
		ADDED from workspace1\HEZHI\AndroidManifest.xml:302:13-80
activity#com.wukong.hezhi.ui.activity.UpdateActivity
ADDED from workspace1\HEZHI\AndroidManifest.xml:306:9-309:50
	android:configChanges
		ADDED from workspace1\HEZHI\AndroidManifest.xml:308:13-74
	android:theme
		ADDED from workspace1\HEZHI\AndroidManifest.xml:309:13-48
	android:name
		ADDED from workspace1\HEZHI\AndroidManifest.xml:307:13-71
activity#com.wukong.hezhi.ui.activity.CommodityCustomActivity
ADDED from workspace1\HEZHI\AndroidManifest.xml:312:9-88
	android:name
		ADDED from workspace1\HEZHI\AndroidManifest.xml:312:19-86
activity#com.wukong.hezhi.ui.activity.CommodityPreActivity
ADDED from workspace1\HEZHI\AndroidManifest.xml:314:9-85
	android:name
		ADDED from workspace1\HEZHI\AndroidManifest.xml:314:19-83
activity#com.wukong.hezhi.ui.activity.CommodityDetailActivity
ADDED from workspace1\HEZHI\AndroidManifest.xml:316:9-88
	android:name
		ADDED from workspace1\HEZHI\AndroidManifest.xml:316:19-86
activity#com.wukong.hezhi.ui.activity.MyCustomizationTobuyActivity
ADDED from workspace1\HEZHI\AndroidManifest.xml:318:9-320:50
	android:theme
		ADDED from workspace1\HEZHI\AndroidManifest.xml:320:13-48
	android:name
		ADDED from workspace1\HEZHI\AndroidManifest.xml:319:13-85
activity#com.wukong.hezhi.ui.activity.AddressActivity
ADDED from workspace1\HEZHI\AndroidManifest.xml:322:9-80
	android:name
		ADDED from workspace1\HEZHI\AndroidManifest.xml:322:19-78
activity#com.wukong.hezhi.ui.activity.AddressAddActivity
ADDED from workspace1\HEZHI\AndroidManifest.xml:324:9-83
	android:name
		ADDED from workspace1\HEZHI\AndroidManifest.xml:324:19-81
activity#com.wukong.hezhi.ui.activity.AddressEditActivity
ADDED from workspace1\HEZHI\AndroidManifest.xml:326:9-84
	android:name
		ADDED from workspace1\HEZHI\AndroidManifest.xml:326:19-82
activity#com.wukong.hezhi.ui.activity.AddressManageActivity
ADDED from workspace1\HEZHI\AndroidManifest.xml:328:9-86
	android:name
		ADDED from workspace1\HEZHI\AndroidManifest.xml:328:19-84
activity#com.wukong.hezhi.ui.activity.ExpressViewActivity
ADDED from workspace1\HEZHI\AndroidManifest.xml:330:9-84
	android:name
		ADDED from workspace1\HEZHI\AndroidManifest.xml:330:19-82
activity#com.wukong.hezhi.ui.activity.MyAttentionActivity
ADDED from workspace1\HEZHI\AndroidManifest.xml:332:9-84
	android:name
		ADDED from workspace1\HEZHI\AndroidManifest.xml:332:19-82
activity#com.wukong.hezhi.ui.activity.ScanActivity
ADDED from workspace1\HEZHI\AndroidManifest.xml:334:9-337:46
	android:launchMode
		ADDED from workspace1\HEZHI\AndroidManifest.xml:337:13-44
	android:configChanges
		ADDED from workspace1\HEZHI\AndroidManifest.xml:336:13-63
	android:name
		ADDED from workspace1\HEZHI\AndroidManifest.xml:335:13-69
activity#com.wukong.hezhi.ui.activity.OrderPayActivity
ADDED from workspace1\HEZHI\AndroidManifest.xml:339:9-341:50
	android:theme
		ADDED from workspace1\HEZHI\AndroidManifest.xml:341:13-48
	android:name
		ADDED from workspace1\HEZHI\AndroidManifest.xml:340:13-73
activity#com.wukong.hezhi.ui.activity.OrderPayResultActivity
ADDED from workspace1\HEZHI\AndroidManifest.xml:343:9-87
	android:name
		ADDED from workspace1\HEZHI\AndroidManifest.xml:343:19-85
activity#com.wukong.hezhi.ui.activity.PhotoActivity
ADDED from workspace1\HEZHI\AndroidManifest.xml:344:9-78
	android:name
		ADDED from workspace1\HEZHI\AndroidManifest.xml:344:19-76
activity#com.wukong.hezhi.ui.activity.OrderConfirmActivity
ADDED from workspace1\HEZHI\AndroidManifest.xml:346:9-348:56
	android:windowSoftInputMode
		ADDED from workspace1\HEZHI\AndroidManifest.xml:348:13-54
	android:name
		ADDED from workspace1\HEZHI\AndroidManifest.xml:347:13-77
activity#com.wukong.hezhi.ui.activity.CommodityCustomUploadActivity
ADDED from workspace1\HEZHI\AndroidManifest.xml:350:9-94
	android:name
		ADDED from workspace1\HEZHI\AndroidManifest.xml:350:19-92
activity#com.wukong.hezhi.ui.activity.SearchLiveActivity
ADDED from workspace1\HEZHI\AndroidManifest.xml:352:9-354:70
	android:windowSoftInputMode
		ADDED from workspace1\HEZHI\AndroidManifest.xml:354:13-68
	android:name
		ADDED from workspace1\HEZHI\AndroidManifest.xml:353:13-75
activity#com.wukong.hezhi.ui.activity.ArticleCommentActivity
ADDED from workspace1\HEZHI\AndroidManifest.xml:356:9-358:56
	android:windowSoftInputMode
		ADDED from workspace1\HEZHI\AndroidManifest.xml:358:13-54
	android:name
		ADDED from workspace1\HEZHI\AndroidManifest.xml:357:13-79
activity#com.wukong.hezhi.ui.activity.MyGuanzhuActivity
ADDED from workspace1\HEZHI\AndroidManifest.xml:360:9-82
	android:name
		ADDED from workspace1\HEZHI\AndroidManifest.xml:360:19-80
activity#com.wukong.hezhi.ui.activity.ChangePhoneActivity
ADDED from workspace1\HEZHI\AndroidManifest.xml:362:9-84
	android:name
		ADDED from workspace1\HEZHI\AndroidManifest.xml:362:19-82
activity#com.wukong.hezhi.ui.activity.FeedbackSucessActivity
ADDED from workspace1\HEZHI\AndroidManifest.xml:364:9-87
	android:name
		ADDED from workspace1\HEZHI\AndroidManifest.xml:364:19-85
activity#com.wukong.hezhi.ui.activity.ProductMainActivity
ADDED from workspace1\HEZHI\AndroidManifest.xml:366:9-369:62
	android:configChanges
		ADDED from workspace1\HEZHI\AndroidManifest.xml:368:13-113
	android:theme
		ADDED from workspace1\HEZHI\AndroidManifest.xml:369:13-60
	android:name
		ADDED from workspace1\HEZHI\AndroidManifest.xml:367:13-76
activity#com.wukong.hezhi.ui.activity.NFCActivity
ADDED from workspace1\HEZHI\AndroidManifest.xml:371:9-76
	android:name
		ADDED from workspace1\HEZHI\AndroidManifest.xml:371:19-74
activity#com.wukong.hezhi.ui.activity.BusinessAcitivty
ADDED from workspace1\HEZHI\AndroidManifest.xml:373:9-81
	android:name
		ADDED from workspace1\HEZHI\AndroidManifest.xml:373:19-79
activity#com.wukong.hezhi.ui.activity.ProductCommentActivity
ADDED from workspace1\HEZHI\AndroidManifest.xml:375:9-377:56
	android:windowSoftInputMode
		ADDED from workspace1\HEZHI\AndroidManifest.xml:377:13-54
	android:name
		ADDED from workspace1\HEZHI\AndroidManifest.xml:376:13-79
activity#com.wukong.hezhi.ui.activity.MyCollectionActivity
ADDED from workspace1\HEZHI\AndroidManifest.xml:379:9-85
	android:name
		ADDED from workspace1\HEZHI\AndroidManifest.xml:379:19-83
activity#com.wukong.hezhi.ui.activity.ArticleActivity
ADDED from workspace1\HEZHI\AndroidManifest.xml:381:9-80
	android:name
		ADDED from workspace1\HEZHI\AndroidManifest.xml:381:19-78
activity#com.wukong.hezhi.ui.activity.SearchArticleActivity
ADDED from workspace1\HEZHI\AndroidManifest.xml:383:9-385:70
	android:windowSoftInputMode
		ADDED from workspace1\HEZHI\AndroidManifest.xml:385:13-68
	android:name
		ADDED from workspace1\HEZHI\AndroidManifest.xml:384:13-78
activity#com.wukong.hezhi.ui.activity.FocusActivity
ADDED from workspace1\HEZHI\AndroidManifest.xml:387:9-389:54
	android:theme
		ADDED from workspace1\HEZHI\AndroidManifest.xml:389:13-52
	android:name
		ADDED from workspace1\HEZHI\AndroidManifest.xml:388:13-70
activity#com.wukong.hezhi.ui.activity.QRActivity
ADDED from workspace1\HEZHI\AndroidManifest.xml:391:9-395:62
	android:screenOrientation
		ADDED from workspace1\HEZHI\AndroidManifest.xml:394:13-49
	android:windowSoftInputMode
		ADDED from workspace1\HEZHI\AndroidManifest.xml:395:13-60
	android:configChanges
		ADDED from workspace1\HEZHI\AndroidManifest.xml:393:13-63
	android:name
		ADDED from workspace1\HEZHI\AndroidManifest.xml:392:13-67
activity#com.wukong.hezhi.ui.activity.GuideActivity
ADDED from workspace1\HEZHI\AndroidManifest.xml:397:9-399:73
	android:theme
		ADDED from workspace1\HEZHI\AndroidManifest.xml:399:13-71
	android:name
		ADDED from workspace1\HEZHI\AndroidManifest.xml:398:13-70
activity#com.wukong.hezhi.wxapi.WXEntryActivity
ADDED from workspace1\HEZHI\AndroidManifest.xml:402:9-406:51
	android:screenOrientation
		ADDED from workspace1\HEZHI\AndroidManifest.xml:406:13-49
	android:launchMode
		ADDED from workspace1\HEZHI\AndroidManifest.xml:405:13-43
	android:exported
		ADDED from workspace1\HEZHI\AndroidManifest.xml:404:13-36
	android:name
		ADDED from workspace1\HEZHI\AndroidManifest.xml:403:13-66
activity#com.wukong.hezhi.wxapi.WXPayEntryActivity
ADDED from workspace1\HEZHI\AndroidManifest.xml:408:9-412:51
	android:screenOrientation
		ADDED from workspace1\HEZHI\AndroidManifest.xml:412:13-49
	android:launchMode
		ADDED from workspace1\HEZHI\AndroidManifest.xml:411:13-43
	android:exported
		ADDED from workspace1\HEZHI\AndroidManifest.xml:410:13-36
	android:name
		ADDED from workspace1\HEZHI\AndroidManifest.xml:409:13-69
activity#com.alipay.sdk.app.H5PayActivity
ADDED from workspace1\HEZHI\AndroidManifest.xml:415:9-421:20
	android:screenOrientation
		ADDED from workspace1\HEZHI\AndroidManifest.xml:419:13-47
	android:windowSoftInputMode
		ADDED from workspace1\HEZHI\AndroidManifest.xml:420:13-67
	android:exported